[?1034h{'28to32': 30, '13to17': 15, '18to22': 20, '23to27': 25, '8to12': 10}

****************************************
Minimizer is Linear
Chi2                      =      137.047
NDf                       =            3
p0                        =  4.44356e-09   +/-   1.13274e-10 
p1                        =  2.07141e-10   +/-   5.57525e-12 
array('f', [30.0, 15.0, 20.0, 25.0, 10.0])
array('f', [3.5723157765232827e-09, 2.158808021235359e-09, 2.6624806803710044e-09, 2.78817857690683e-09, 2.0994841420929333e-09])

****************************************
Minimizer is Linear
Chi2                      =       548.16
NDf                       =            3
p0                        =  1.46783e-09   +/-   1.32239e-11 
p1                        =  5.09877e-11   +/-   7.92084e-13 
array('f', [30.0, 25.0])
array('f', [1.5985767376491822e-08, 1.3275273325064063e-08])

****************************************
Minimizer is Linear
Chi2                      =  8.32458e-27
NDf                       =            0
p0                        = -2.77197e-10   +/-   3.73732e-09 
p1                        =  5.42099e-10   +/-   1.35218e-10 
Info in <TCanvas::Print>: file mc_plot/HLT_QuadPFJet_DoubleBTagCSV_VBF_Mqq240.png has been created
********************
*** 1/426 finished ***
********************

****************************************
Minimizer is Linear
Chi2                      =      91.4669
NDf                       =            3
p0                        =  1.67103e-09   +/-   5.13218e-11 
p1                        =  1.18285e-10   +/-   2.57346e-12 
array('f', [30.0, 15.0, 20.0, 25.0, 10.0])
array('f', [1.955661854680102e-09, 1.2264613769019661e-09, 1.21292886845481e-09, 1.896152124203354e-09, 9.66911994915165e-10])

****************************************
Minimizer is Linear
Chi2                      =      350.774
NDf                       =            3
p0                        =  6.57528e-10   +/-   1.29017e-11 
p1                        =  2.87812e-11   +/-   7.12207e-13 
array('f', [30.0, 25.0])
array('f', [7.795512679820149e-09, 6.5948206895427575e-09])

****************************************
Minimizer is Linear
Chi2                      =  1.38565e-27
NDf                       =            0
p0                        =  5.91361e-10   +/-   2.54046e-09 
p1                        =  2.40138e-10   +/-   9.33415e-11 
Info in <TCanvas::Print>: file mc_plot/HLT_PFHT400_SixJet30_BTagCSV0p55_2PFBTagCSV0p72.png has been created
********************
*** 2/426 finished ***
********************

****************************************
Minimizer is Linear
Chi2                      =      810.628
NDf                       =            3
p0                        =  1.06013e-10   +/-   1.85293e-12 
p1                        = -1.87339e-12   +/-   6.6297e-14  
array('f', [30.0, 15.0, 20.0, 25.0, 10.0])
array('f', [3.8780176292441126e-10, 4.320758473230768e-10, 4.446489287879274e-10, 5.525973567621634e-10, 5.753996168422759e-10])

****************************************
Minimizer is Linear
Chi2                      =      156.412
NDf                       =            3
p0                        =  4.85945e-10   +/-   3.35538e-12 
p1                        = -3.11608e-12   +/-   1.50209e-13 
array('f', [30.0, 25.0])
array('f', [2.82841059601191e-11, 4.602611347603869e-11])

****************************************
Minimizer is Linear
Chi2                      =  1.06337e-27
NDf                       =            0
p0                        =  1.34736e-10   +/-   1.54026e-10 
p1                        =  -3.5484e-12   +/-   5.4722e-12  
Info in <TCanvas::Print>: file mc_plot/HLT_L1SingleMu16.png has been created
********************
*** 3/426 finished ***
********************

****************************************
Minimizer is Linear
Chi2                      =      5495.31
NDf                       =            3
p0                        =  2.83059e-11   +/-   1.1032e-12  
p1                        =  1.80208e-12   +/-   5.16587e-14 
array('f', [30.0, 15.0, 20.0, 25.0, 10.0])
array('f', [4.478695539433808e-11, 3.043465826579883e-11, 1.6828821322589782e-11, 1.665280933982327e-11, 9.945244280884502e-12])

****************************************
Minimizer is Linear
Chi2                      =      68922.6
NDf                       =            3
p0                        =  6.43006e-12   +/-   9.83636e-14 
p1                        =  5.51977e-13   +/-   4.58935e-15 
array('f', [30.0, 25.0])
array('f', [2.0355968299856642e-10, 8.27841337147639e-11])

****************************************
Minimizer is Linear
Chi2                      =  4.34232e-27
NDf                       =            0
p0                        = -5.21094e-10   +/-   2.93449e-10 
p1                        =  2.41551e-11   +/-   1.10386e-11 
Info in <TCanvas::Print>: file mc_plot/HLT_HT350_DisplacedDijet80_Tight_DisplacedTrack.png has been created
********************
*** 4/426 finished ***
********************

****************************************
Minimizer is Linear
Chi2                      =            0
NDf                       =            3
p0                        =            0   +/-   1.34164     
p1                        =            0   +/-   0.0632456   
array('f', [30.0, 15.0, 20.0, 25.0, 10.0])
array('f', [0.0, 0.0, 0.0, 0.0, 0.0])

****************************************
Minimizer is Linear
Chi2                      =            0
NDf                       =            3
p0                        =            0   +/-   1.34164     
p1                        =            0   +/-   0.0632456   
array('f', [30.0, 25.0])
array('f', [0.0, 0.0])

****************************************
Minimizer is Linear
Chi2                      =            0
NDf                       =            0
p0                        =            0   +/-   7.81025     
p1                        =            0   +/-   0.282843    
Info in <TCanvas::Print>: file mc_plot/HLT_HcalCalibration.png has been created
********************
*** 5/426 finished ***
********************

****************************************
Minimizer is Linear
Chi2                      =      16.4181
NDf                       =            3
p0                        =  6.25343e-09   +/-   5.08242e-10 
p1                        =     5.28e-11   +/-   2.26674e-11 
array('f', [30.0, 15.0, 20.0, 25.0, 10.0])
array('f', [2.9402413836976393e-09, 2.3800426074416237e-09, 2.2914725672507075e-09, 2.04126404668159e-09, 1.9625281399981986e-09])

****************************************
Minimizer is Linear
Chi2                      =      126.851
NDf                       =            3
p0                        =   1.8726e-09   +/-   4.43674e-11 
p1                        =  9.54736e-12   +/-   2.07607e-12 
array('f', [30.0, 25.0])
array('f', [9.146242874180643e-09, 7.279254976566563e-09])

****************************************
Minimizer is Linear
Chi2                      =  1.60112e-29
NDf                       =            0
p0                        = -2.05568e-09   +/-   4.96015e-09 
p1                        =  3.73398e-10   +/-   1.87839e-10 
Info in <TCanvas::Print>: file mc_plot/HLT_Ele27_eta2p1_WPLoose_Gsf_LooseIsoPFTau20.png has been created
********************
*** 6/426 finished ***
********************

****************************************
Minimizer is Linear
Chi2                      =      96.3418
NDf                       =            2
p0                        =  2.87463e-11   +/-   1.14469e-12 
p1                        = -7.73046e-13   +/-   4.607e-14   
array('f', [30.0, 15.0, 20.0, 25.0, 10.0])
array('f', [1.5975540890167395e-09, 5.960412718941654e-10, 1.028648388690101e-09, 1.3536179954698468e-09, 3.0126065531099755e-10])

****************************************
Minimizer is Linear
Chi2                      =      38.7155
NDf                       =            3
p0                        = -3.74524e-10   +/-   1.14053e-11 
p1                        =   6.7152e-11   +/-   9.37145e-13 
array('f', [30.0, 25.0])
array('f', [0.0, 0.0])

****************************************
Minimizer is Linear
Chi2                      =            0
NDf                       =            0
p0                        =            0   +/-   7.81025     
p1                        =            0   +/-   0.282843    
Info in <TCanvas::Print>: file mc_plot/HLT_Photon22_R9Id90_HE10_Iso40_EBOnly_PFMET40.png has been created
********************
*** 7/426 finished ***
********************

****************************************
Minimizer is Linear
Chi2                      =      9.72962
NDf                       =            3
p0                        =  1.10685e-08   +/-   1.16841e-09 
p1                        = -9.53128e-11   +/-   4.63273e-11 
array('f', [30.0, 15.0, 20.0, 25.0, 10.0])
array('f', [2.5954125515426085e-09, 2.979666735569708e-09, 3.0750217927533186e-09, 2.52496157315818e-09, 3.811127857744623e-09])

****************************************
Minimizer is Linear
Chi2                      =      38.2068
NDf                       =            3
p0                        =  3.34738e-09   +/-   1.32038e-10 
p1                        = -2.78306e-11   +/-   4.9743e-12  
array('f', [30.0, 25.0])
array('f', [1.167855856465394e-08, 1.115647840777001e-08])

****************************************
Minimizer is Linear
Chi2                      =  2.02941e-29
NDf                       =            0
p0                        =  8.54608e-09   +/-   5.94145e-09 
p1                        =  1.04416e-10   +/-   2.20732e-10 
Info in <TCanvas::Print>: file mc_plot/HLT_DoubleMediumIsoPFTau35_Trk1_eta2p1_Reg.png has been created
********************
*** 8/426 finished ***
********************

****************************************
Minimizer is Linear
Chi2                      =      1100.54
NDf                       =            3
p0                        =  3.47794e-10   +/-   4.57826e-12 
p1                        = -9.77678e-13   +/-   2.02326e-13 
array('f', [30.0, 15.0, 20.0, 25.0, 10.0])
array('f', [8.377571553142005e-11, 8.626542535861148e-11, 1.1395411697590063e-10, 1.213674438726997e-10, 8.898297376713771e-11])

****************************************
Minimizer is Linear
Chi2                      =      15158.3
NDf                       =            3
p0                        =  9.38061e-11   +/-   3.72074e-13 
p1                        =  6.08404e-15   +/-   1.64965e-14 
array('f', [30.0, 25.0])
array('f', [4.1711031850688585e-10, 6.034671096166733e-10])

****************************************
Minimizer is Linear
Chi2                      =  7.88565e-28
NDf                       =            0
p0                        =  1.53525e-09   +/-   6.23947e-10 
p1                        = -3.72714e-11   +/-   2.21149e-11 
Info in <TCanvas::Print>: file mc_plot/HLT_DoublePhoton85.png has been created
********************
*** 9/426 finished ***
********************

****************************************
Minimizer is Linear
Chi2                      =            0
NDf                       =            3
p0                        =            0   +/-   1.34164     
p1                        =            0   +/-   0.0632456   
array('f', [30.0, 15.0, 20.0, 25.0, 10.0])
array('f', [0.0, 0.0, 0.0, 0.0, 0.0])

****************************************
Minimizer is Linear
Chi2                      =            0
NDf                       =            3
p0                        =            0   +/-   1.34164     
p1                        =            0   +/-   0.0632456   
array('f', [30.0, 25.0])
array('f', [0.0, 0.0])

****************************************
Minimizer is Linear
Chi2                      =            0
NDf                       =            0
p0                        =            0   +/-   7.81025     
p1                        =            0   +/-   0.282843    
Info in <TCanvas::Print>: file mc_plot/HLT_HIL1DoubleMu0BPTX.png has been created
********************
*** 10/426 finished ***
********************

****************************************
Minimizer is Linear
Chi2                      =      212.985
NDf                       =            3
p0                        =  6.36161e-10   +/-   1.86143e-11 
p1                        = -5.06914e-12   +/-   7.78418e-13 
array('f', [30.0, 15.0, 20.0, 25.0, 10.0])
array('f', [6.801302854242408e-10, 5.435592531632949e-10, 5.848447837131232e-10, 5.21425902455519e-10, 6.490416537552335e-10])

****************************************
Minimizer is Linear
Chi2                      =      364.984
NDf                       =            3
p0                        =  6.40651e-10   +/-   6.50558e-12 
p1                        = -4.39082e-12   +/-   3.20116e-13 
array('f', [30.0, 25.0])
array('f', [0.0, 0.0])

****************************************
Minimizer is Linear
Chi2                      =            0
NDf                       =            0
p0                        =            0   +/-   7.81025     
p1                        =            0   +/-   0.282843    
Info in <TCanvas::Print>: file mc_plot/HLT_Dimuon0er16_Jpsi_NoOS_NoVertexing.png has been created
********************
*** 11/426 finished ***
********************

****************************************
Minimizer is Linear
Chi2                      =      55.8757
NDf                       =            3
p0                        =  3.43933e-09   +/-   2.63382e-11 
p1                        =  2.64009e-13   +/-   1.16935e-12 
array('f', [30.0, 15.0, 20.0, 25.0, 10.0])
array('f', [9.716978333074167e-10, 9.645430010252198e-10, 1.0064611366544796e-09, 9.733867045724764e-10, 9.72435798551885e-10])

****************************************
Minimizer is Linear
Chi2                      =       1788.5
NDf                       =            3
p0                        =  9.77165e-10   +/-   1.24446e-12 
p1                        =  2.68605e-14   +/-   5.55799e-14 
array('f', [30.0, 25.0])
array('f', [4.810138953814658e-09, 4.885524429454335e-09])

****************************************
Minimizer is Linear
Chi2                      =  3.33444e-26
NDf                       =            0
p0                        =  5.26245e-09   +/-   8.56167e-10 
p1                        = -1.50771e-11   +/-   3.09468e-11 
Info in <TCanvas::Print>: file mc_plot/HLT_PFHT650_WideJetMJJ900DEtaJJ1p5.png has been created
********************
*** 12/426 finished ***
********************

****************************************
Minimizer is Linear
Chi2                      =      206.029
NDf                       =            3
p0                        =  7.43205e-11   +/-   3.13082e-12 
p1                        =  6.25394e-12   +/-   1.73491e-13 
array('f', [30.0, 15.0, 20.0, 25.0, 10.0])
array('f', [2.5197341435578835e-10, 4.986754412183991e-11, 5.6009395038580934e-11, 6.309755495870206e-11, 4.4629813733543244e-11])

****************************************
Minimizer is Linear
Chi2                      =      99.8677
NDf                       =            3
p0                        =  3.12119e-11   +/-   2.22544e-13 
p1                        =  1.25838e-12   +/-   1.19868e-14 
array('f', [30.0, 25.0])
array('f', [6.48124831581498e-10, 2.8939006746497853e-10])

****************************************
Minimizer is Linear
Chi2                      =  3.68078e-27
NDf                       =            0
p0                        = -1.50428e-09   +/-   8.10402e-10 
p1                        =   7.1747e-11   +/-   3.16707e-11 
Info in <TCanvas::Print>: file mc_plot/HLT_DoubleMu23NoFiltersNoVtxDisplaced.png has been created
********************
*** 13/426 finished ***
********************

****************************************
Minimizer is Linear
Chi2                      =            0
NDf                       =            3
p0                        =            0   +/-   1.34164     
p1                        =            0   +/-   0.0632456   
array('f', [30.0, 15.0, 20.0, 25.0, 10.0])
array('f', [0.0, 0.0, 0.0, 0.0, 0.0])

****************************************
Minimizer is Linear
Chi2                      =            0
NDf                       =            3
p0                        =            0   +/-   1.34164     
p1                        =            0   +/-   0.0632456   
array('f', [30.0, 25.0])
array('f', [0.0, 0.0])

****************************************
Minimizer is Linear
Chi2                      =            0
NDf                       =            0
p0                        =            0   +/-   7.81025     
p1                        =            0   +/-   0.282843    
Info in <TCanvas::Print>: file mc_plot/HLT_HISinglePhoton20ForEndOfFill.png has been created
********************
*** 14/426 finished ***
********************

****************************************
Minimizer is Linear
Chi2                      =      271.615
NDf                       =            3
p0                        =  7.45352e-09   +/-   7.08113e-11 
p1                        =  4.10262e-12   +/-   3.07761e-12 
array('f', [30.0, 15.0, 20.0, 25.0, 10.0])
array('f', [2.3917805513917756e-09, 2.2041317659926563e-09, 2.291903111739657e-09, 2.0307602266456115e-09, 2.1407235983872397e-09])

****************************************
Minimizer is Linear
Chi2                      =      707.686
NDf                       =            3
p0                        =   2.3191e-09   +/-   6.55841e-12 
p1                        = -1.07932e-11   +/-   3.26183e-13 
array('f', [30.0, 25.0])
array('f', [1.0857676535636074e-08, 9.412034707168004e-09])

****************************************
Minimizer is Linear
Chi2                      =  2.20837e-27
NDf                       =            0
p0                        =  2.18383e-09   +/-   2.50167e-09 
p1                        =  2.89128e-10   +/-   9.1642e-11  
Info in <TCanvas::Print>: file mc_plot/HLT_Mu55.png has been created
********************
*** 15/426 finished ***
********************

****************************************
Minimizer is Linear
Chi2                      =            0
NDf                       =            3
p0                        =            0   +/-   1.34164     
p1                        =            0   +/-   0.0632456   
array('f', [30.0, 15.0, 20.0, 25.0, 10.0])
array('f', [0.0, 0.0, 0.0, 0.0, 0.0])

****************************************
Minimizer is Linear
Chi2                      =            0
NDf                       =            3
p0                        =            0   +/-   1.34164     
p1                        =            0   +/-   0.0632456   
array('f', [30.0, 25.0])
array('f', [0.0, 0.0])

****************************************
Minimizer is Linear
Chi2                      =            0
NDf                       =            0
p0                        =            0   +/-   7.81025     
p1                        =            0   +/-   0.282843    
Info in <TCanvas::Print>: file mc_plot/HLT_HIL2Mu3BPTX.png has been created
********************
*** 16/426 finished ***
********************

****************************************
Minimizer is Linear
Chi2                      =      721.938
NDf                       =            3
p0                        =  3.14525e-10   +/-   8.54286e-12 
p1                        =  1.29617e-11   +/-   4.15534e-13 
array('f', [30.0, 15.0, 20.0, 25.0, 10.0])
array('f', [1.2227833190436854e-09, 8.703975318269386e-10, 9.91634219182913e-10, 9.43427669319874e-10, 7.774004773253296e-10])

****************************************
Minimizer is Linear
Chi2                      =      182.828
NDf                       =            3
p0                        =  7.09968e-10   +/-   5.24879e-12 
p1                        =  9.68155e-12   +/-   2.72535e-13 
array('f', [30.0, 25.0])
array('f', [9.93060744747254e-10, 9.484579788221481e-10])

****************************************
Minimizer is Linear
Chi2                      =  4.20116e-30
NDf                       =            0
p0                        =  7.25444e-10   +/-   7.70108e-10 
p1                        =  8.92055e-12   +/-   2.77444e-11 
Info in <TCanvas::Print>: file mc_plot/HLT_Ele15_IsoVVVL_BTagCSV0p72_PFHT400.png has been created
********************
*** 17/426 finished ***
********************

****************************************
Minimizer is Linear
Chi2                      =      40.9887
NDf                       =            3
p0                        =  8.38848e-10   +/-   4.724e-11   
p1                        =  7.36202e-11   +/-   2.4709e-12  
array('f', [30.0, 15.0, 20.0, 25.0, 10.0])
array('f', [1.4754946153772153e-09, 6.601659219285239e-10, 8.887475755336993e-10, 9.828959868229958e-10, 5.800883107198729e-10])

****************************************
Minimizer is Linear
Chi2                      =        150.6
NDf                       =            3
p0                        =  2.30992e-10   +/-   8.12063e-12 
p1                        =  2.93152e-11   +/-   5.02326e-13 
array('f', [30.0, 25.0])
array('f', [3.945012760908639e-09, 3.5450906654688197e-09])

****************************************
Minimizer is Linear
Chi2                      =  1.94738e-27
NDf                       =            0
p0                        =  1.54548e-09   +/-   1.63273e-09 
p1                        =  7.99844e-11   +/-   6.00352e-11 
Info in <TCanvas::Print>: file mc_plot/HLT_HT500_DisplacedDijet40_Inclusive.png has been created
********************
*** 18/426 finished ***
********************

****************************************
Minimizer is Linear
Chi2                      =      6435.49
NDf                       =            3
p0                        =  4.99717e-11   +/-   3.66808e-12 
p1                        =  1.58967e-11   +/-   1.87934e-13 
array('f', [30.0, 15.0, 20.0, 25.0, 10.0])
array('f', [1.9011428542548003e-10, 9.651748150707462e-11, 9.189247279772772e-11, 1.389727638523297e-10, 6.820829318021637e-11])

****************************************
Minimizer is Linear
Chi2                      =        34536
NDf                       =            3
p0                        =  1.07788e-11   +/-   2.89398e-13 
p1                        =  5.07998e-12   +/-   1.49335e-14 
array('f', [30.0, 25.0])
array('f', [9.382167265314934e-10, 6.602529079025032e-10])

****************************************
Minimizer is Linear
Chi2                      =  1.80237e-27
NDf                       =            0
p0                        = -7.29566e-10   +/-   6.42471e-10 
p1                        =  5.55928e-11   +/-   2.38769e-11 
Info in <TCanvas::Print>: file mc_plot/HLT_Mu3er_PFHT140_PFMET125.png has been created
********************
*** 19/426 finished ***
********************

****************************************
Minimizer is Linear
Chi2                      =      427.069
NDf                       =            3
p0                        =  5.60417e-10   +/-   5.6901e-12  
p1                        = -3.57877e-12   +/-   2.35146e-13 
array('f', [30.0, 15.0, 20.0, 25.0, 10.0])
array('f', [4.529536468123041e-10, 3.789475122584207e-10, 4.216570703707845e-10, 3.913320223425387e-10, 4.527801467091308e-10])

****************************************
Minimizer is Linear
Chi2                      =      6856.75
NDf                       =            3
p0                        =  3.73528e-10   +/-   1.13522e-12 
p1                        =  1.76243e-12   +/-   5.45991e-14 
array('f', [30.0, 25.0])
array('f', [5.04647823529325e-10, 7.280058222924879e-10])

****************************************
Minimizer is Linear
Chi2                      =  2.77137e-26
NDf                       =            0
p0                        =   1.8448e-09   +/-   7.26e-10    
p1                        = -4.46716e-11   +/-   2.51071e-11 
Info in <TCanvas::Print>: file mc_plot/HLT_Mu20_Mu10.png has been created
********************
*** 20/426 finished ***
********************

****************************************
Minimizer is Linear
Chi2                      =      1898.71
NDf                       =            3
p0                        = -6.44665e-11   +/-   2.46232e-12 
p1                        =  7.65054e-12   +/-   1.53945e-13 
array('f', [30.0, 15.0, 20.0, 25.0, 10.0])
array('f', [1.397528048840968e-08, 2.7781243971958247e-09, 4.966626665492413e-09, 8.93279583635831e-09, 1.2798768711519415e-09])

****************************************
Minimizer is Linear
Chi2                      =      54.3145
NDf                       =            3
p0                        = -2.59141e-09   +/-   1.55331e-10 
p1                        =  3.86556e-10   +/-   1.527e-11   
array('f', [30.0, 25.0])
array('f', [0.0, 0.0])

****************************************
Minimizer is Linear
Chi2                      =            0
NDf                       =            0
p0                        =            0   +/-   7.81025     
p1                        =            0   +/-   0.282843    
Info in <TCanvas::Print>: file mc_plot/HLT_DiPFJet40_DEta3p5_MJJ600_PFMETNoMu80.png has been created
********************
*** 21/426 finished ***
********************

****************************************
Minimizer is Linear
Chi2                      =       366.69
NDf                       =            3
p0                        =  3.98558e-10   +/-   9.79788e-12 
p1                        =  1.68171e-11   +/-   4.68895e-13 
array('f', [30.0, 15.0, 20.0, 25.0, 10.0])
array('f', [1.36006528261845e-09, 7.89411702672993e-10, 9.776852660792201e-10, 1.1961555079764707e-09, 8.305499621386048e-10])

****************************************
Minimizer is Linear
Chi2                      =       3365.4
NDf                       =            3
p0                        =  3.83546e-10   +/-   4.26742e-12 
p1                        =  3.04211e-11   +/-   2.32274e-13 
array('f', [30.0, 25.0])
array('f', [6.653554929236805e-10, 5.154779936233922e-10])

****************************************
Minimizer is Linear
Chi2                      =  1.38247e-29
NDf                       =            0
p0                        =  -2.3391e-10   +/-   6.13215e-10 
p1                        =  2.99755e-11   +/-   2.22528e-11 
Info in <TCanvas::Print>: file mc_plot/HLT_Mu10_CentralPFJet30_BTagCSV0p54PF.png has been created
********************
*** 22/426 finished ***
********************

****************************************
Minimizer is Linear
Chi2                      =      1920.17
NDf                       =            1
p0                        =  3.50698e-12   +/-   6.36928e-13 
p1                        =  1.25788e-13   +/-   3.17621e-14 
array('f', [30.0, 15.0, 20.0, 25.0, 10.0])
array('f', [1.9822747887587866e-08, 2.057480763539843e-08, 2.057074688366356e-08, 1.9891974289976133e-08, 1.9915633586720105e-08])

****************************************
Minimizer is Linear
Chi2                      =       30.314
NDf                       =            3
p0                        =  2.01575e-08   +/-   1.71349e-10 
p1                        = -1.35691e-12   +/-   8.73715e-12 
array('f', [30.0, 25.0])
array('f', [1.3643965297849281e-11, 0.0])

****************************************
Minimizer is Linear
Chi2                      =  5.60841e-32
NDf                       =            0
p0                        =  6.82276e-12   +/-   0.000915527 
p1                        =  2.27374e-13   +/-   3.05176e-05 
Info in <TCanvas::Print>: file mc_plot/HLT_Mu17.png has been created
********************
*** 23/426 finished ***
********************

****************************************
Minimizer is Linear
Chi2                      =       83.452
NDf                       =            3
p0                        =  7.53485e-10   +/-   4.76609e-11 
p1                        =  5.67233e-11   +/-   3.23847e-12 
array('f', [30.0, 15.0, 20.0, 25.0, 10.0])
array('f', [9.062789407821015e-10, 4.4252040920511604e-10, 5.97947802383203e-10, 7.76331443574918e-10, 4.5065270959376846e-10])

****************************************
Minimizer is Linear
Chi2                      =      1943.55
NDf                       =            3
p0                        =  2.41258e-10   +/-   4.91087e-12 
p1                        =  1.47538e-11   +/-   3.23698e-13 
array('f', [30.0, 25.0])
array('f', [3.1098854602618076e-09, 2.1049340048762133e-09])

****************************************
Minimizer is Linear
Chi2                      =  1.04348e-27
NDf                       =            0
p0                        = -2.91982e-09   +/-   1.67854e-09 
p1                        =   2.0099e-10   +/-   6.19758e-11 
Info in <TCanvas::Print>: file mc_plot/HLT_Mu33NoFiltersNoVtxDisplaced_DisplacedJet50_Loose.png has been created
********************
*** 24/426 finished ***
********************

****************************************
Minimizer is Linear
Chi2                      =       141.74
NDf                       =            3
p0                        =  3.75405e-10   +/-   6.35676e-12 
p1                        = -1.66895e-12   +/-   2.76189e-13 
array('f', [30.0, 15.0, 20.0, 25.0, 10.0])
array('f', [3.3359504048036115e-10, 4.840514655768402e-10, 3.173293572356073e-10, 3.346118104818885e-10, 3.454772024014119e-10])

****************************************
Minimizer is Linear
Chi2                      =      343.852
NDf                       =            3
p0                        =  3.28252e-10   +/-   2.1302e-12  
p1                        =  2.20218e-14   +/-   8.99987e-14 
array('f', [30.0, 25.0])
array('f', [3.9666567253071605e-10, 4.756218197066175e-10])

****************************************
Minimizer is Linear
Chi2                      =  1.39307e-29
NDf                       =            0
p0                        =  8.70403e-10   +/-   5.12593e-10 
p1                        = -1.57912e-11   +/-   1.8349e-11  
Info in <TCanvas::Print>: file mc_plot/HLT_HT425.png has been created
********************
*** 25/426 finished ***
********************

****************************************
Minimizer is Linear
Chi2                      =      259.151
NDf                       =            3
p0                        =  1.09242e-10   +/-   4.98747e-12 
p1                        =  3.65291e-12   +/-   1.97179e-13 
array('f', [30.0, 15.0, 20.0, 25.0, 10.0])
array('f', [6.490826626182056e-11, 6.479720926488852e-11, 7.914072175374542e-11, 6.013116393699391e-11, 5.1586294264049926e-11])

****************************************
Minimizer is Linear
Chi2                      =      1457.52
NDf                       =            3
p0                        =  4.96442e-11   +/-   4.44489e-13 
p1                        =  4.86144e-13   +/-   1.71755e-14 
array('f', [30.0, 25.0])
array('f', [3.186698127599641e-10, 2.567412948906167e-10])

****************************************
Minimizer is Linear
Chi2                      =   4.0485e-28
NDf                       =            0
p0                        = -5.29013e-11   +/-   4.54816e-10 
p1                        =  1.23857e-11   +/-   1.6496e-11  
Info in <TCanvas::Print>: file mc_plot/HLT_Photon120_R9Id90_HE10_Iso40_EBOnly_VBF.png has been created
********************
*** 26/426 finished ***
********************

****************************************
Minimizer is Linear
Chi2                      =      1275.64
NDf                       =            3
p0                        =  5.96162e-10   +/-   5.0759e-12  
p1                        = -5.78622e-12   +/-   2.07861e-13 
array('f', [30.0, 15.0, 20.0, 25.0, 10.0])
array('f', [4.6488166094427186e-10, 5.313374740190113e-10, 4.4584172465000904e-10, 4.695886457461995e-10, 5.016617676822932e-10])

****************************************
Minimizer is Linear
Chi2                      =      1626.79
NDf                       =            3
p0                        =  5.06279e-10   +/-   2.24336e-12 
p1                        = -1.69254e-12   +/-   9.72116e-14 
array('f', [30.0, 25.0])
array('f', [5.953254000878871e-10, 7.14894143882816e-10])

****************************************
Minimizer is Linear
Chi2                      =  1.47108e-27
NDf                       =            0
p0                        =  1.31274e-09   +/-   6.29949e-10 
p1                        = -2.39137e-11   +/-   2.26471e-11 
Info in <TCanvas::Print>: file mc_plot/HLT_TkMu24_eta2p1.png has been created
********************
*** 27/426 finished ***
********************

****************************************
Minimizer is Linear
Chi2                      =      77.3164
NDf                       =            3
p0                        =  8.05349e-10   +/-   6.96819e-12 
p1                        =  2.79226e-14   +/-   3.0997e-13  
array('f', [30.0, 15.0, 20.0, 25.0, 10.0])
array('f', [1.1999938820395073e-09, 1.1838432456556802e-09, 1.187090203913499e-09, 1.2163557938649205e-09, 1.2079318656432747e-09])

****************************************
Minimizer is Linear
Chi2                      =      395.927
NDf                       =            3
p0                        =  1.17488e-09   +/-   2.00794e-12 
p1                        =  1.04246e-12   +/-   8.99504e-14 
array('f', [30.0, 25.0])
array('f', [1.212879907619424e-09, 1.1703658042705456e-09])

****************************************
Minimizer is Linear
Chi2                      =  1.59745e-27
NDf                       =            0
p0                        =  9.57795e-10   +/-   4.8636e-10  
p1                        =  8.50282e-12   +/-   1.76583e-11 
Info in <TCanvas::Print>: file mc_plot/HLT_PFJet400.png has been created
********************
*** 28/426 finished ***
********************

****************************************
Minimizer is Linear
Chi2                      =      128.066
NDf                       =            3
p0                        =  3.95748e-09   +/-   7.93167e-11 
p1                        =  5.75421e-11   +/-   3.78856e-12 
array('f', [30.0, 15.0, 20.0, 25.0, 10.0])
array('f', [1.6723472606727796e-09, 1.321216469563069e-09, 1.4845946694208578e-09, 1.6104857447629684e-09, 1.4715774154794303e-09])

****************************************
Minimizer is Linear
Chi2                      =      1181.33
NDf                       =            3
p0                        =  1.11661e-09   +/-   6.62295e-12 
p1                        =   1.8364e-11   +/-   3.14747e-13 
array('f', [30.0, 25.0])
array('f', [8.056333378192448e-09, 8.028778530899672e-09])

****************************************
Minimizer is Linear
Chi2                      =  1.38025e-27
NDf                       =            0
p0                        =    7.891e-09   +/-   2.71744e-09 
p1                        =  5.51097e-12   +/-   9.81525e-11 
Info in <TCanvas::Print>: file mc_plot/HLT_Ele115_CaloIdVT_GsfTrkIdT.png has been created
********************
*** 29/426 finished ***
********************

****************************************
Minimizer is Linear
Chi2                      =      333.813
NDf                       =            3
p0                        =  8.39138e-10   +/-   1.2842e-11  
p1                        =  3.80756e-12   +/-   5.79804e-13 
array('f', [30.0, 15.0, 20.0, 25.0, 10.0])
array('f', [3.018236105489791e-09, 2.827618361678219e-09, 3.035186990629768e-09, 2.9650129018676807e-09, 2.9477305041325508e-09])

****************************************
Minimizer is Linear
Chi2                      =      314.308
NDf                       =            3
p0                        =  2.79004e-09   +/-   1.22838e-11 
p1                        =  7.77615e-12   +/-   5.50187e-13 
array('f', [30.0, 25.0])
array('f', [1.1787623099834832e-09, 1.3107064322781525e-09])

****************************************
Minimizer is Linear
Chi2                      =  3.43596e-27
NDf                       =            0
p0                        =  1.97043e-09   +/-   9.0092e-10  
p1                        = -2.63888e-11   +/-   3.17656e-11 
Info in <TCanvas::Print>: file mc_plot/HLT_PFJet260.png has been created
********************
*** 30/426 finished ***
********************

****************************************
Minimizer is Linear
Chi2                      =      44.5182
NDf                       =            3
p0                        =  2.23753e-10   +/-   1.93597e-11 
p1                        =   3.2892e-12   +/-   9.33268e-13 
array('f', [30.0, 15.0, 20.0, 25.0, 10.0])
array('f', [3.8246888989235117e-10, 4.1332656741666085e-10, 2.887791394901029e-10, 3.093540978937881e-10, 4.887646953832814e-10])

****************************************
Minimizer is Linear
Chi2                      =      260.001
NDf                       =            3
p0                        =  5.11302e-10   +/-   1.17439e-11 
p1                        = -8.78598e-12   +/-   5.56237e-13 
array('f', [30.0, 25.0])
array('f', [0.0, 0.0])

****************************************
Minimizer is Linear
Chi2                      =            0
NDf                       =            0
p0                        =            0   +/-   7.81025     
p1                        =            0   +/-   0.282843    
Info in <TCanvas::Print>: file mc_plot/HLT_Photon36_R9Id90_HE10_IsoM.png has been created
********************
*** 31/426 finished ***
********************

****************************************
Minimizer is Linear
Chi2                      =            0
NDf                       =            3
p0                        =            0   +/-   1.34164     
p1                        =            0   +/-   0.0632456   
array('f', [30.0, 15.0, 20.0, 25.0, 10.0])
array('f', [0.0, 0.0, 0.0, 0.0, 0.0])

****************************************
Minimizer is Linear
Chi2                      =            0
NDf                       =            3
p0                        =            0   +/-   1.34164     
p1                        =            0   +/-   0.0632456   
array('f', [30.0, 25.0])
array('f', [0.0, 0.0])

****************************************
Minimizer is Linear
Chi2                      =            0
NDf                       =            0
p0                        =            0   +/-   7.81025     
p1                        =            0   +/-   0.282843    
Info in <TCanvas::Print>: file mc_plot/HLT_AK4PFJet100.png has been created
********************
*** 32/426 finished ***
********************

****************************************
Minimizer is Linear
Chi2                      =      599.095
NDf                       =            3
p0                        =  4.13017e-11   +/-   5.20169e-12 
p1                        =  6.85409e-12   +/-   3.54316e-13 
array('f', [30.0, 15.0, 20.0, 25.0, 10.0])
array('f', [1.7057313339563507e-09, 7.674272883839706e-10, 7.564867621212557e-10, 1.0262145577755177e-09, 4.775299045078896e-10])

****************************************
Minimizer is Linear
Chi2                      =      22.0081
NDf                       =            3
p0                        =  1.36149e-10   +/-   2.65909e-11 
p1                        =  3.40824e-11   +/-   2.21135e-12 
array('f', [30.0, 25.0])
array('f', [2.7825902693123794e-10, 7.777277710729891e-10])

****************************************
Minimizer is Linear
Chi2                      =  1.64105e-28
NDf                       =            0
p0                        =  3.27507e-09   +/-   3.54391e-09 
p1                        = -9.98937e-11   +/-   1.18958e-10 
Info in <TCanvas::Print>: file mc_plot/HLT_Ele10_CaloIdM_TrackIdM_CentralPFJet30_BTagCSV0p54PF.png has been created
********************
*** 33/426 finished ***
********************

****************************************
Minimizer is Linear
Chi2                      =     0.116623
NDf                       =            3
p0                        =  6.42165e-08   +/-   8.2851e-09  
p1                        =   1.1291e-09   +/-   4.18988e-10 
array('f', [30.0, 15.0, 20.0, 25.0, 10.0])
array('f', [2.953126276850071e-08, 2.331698389923531e-08, 2.472800453290347e-08, 2.706290480603002e-08, 2.1941112038348365e-08])

****************************************
Minimizer is Linear
Chi2                      =      2.12645
NDf                       =            3
p0                        =  1.79186e-08   +/-   7.81782e-10 
p1                        =  3.64165e-10   +/-   4.13214e-11 
array('f', [30.0, 25.0])
array('f', [9.003780832017583e-08, 8.627829828355971e-08])

****************************************
Minimizer is Linear
Chi2                      =  1.17854e-28
NDf                       =            0
p0                        =  6.74807e-08   +/-   2.12843e-08 
p1                        =  7.51902e-10   +/-   7.70852e-10 
Info in <TCanvas::Print>: file mc_plot/HLT_Ele27_eta2p1_WPLoose_Gsf.png has been created
********************
*** 34/426 finished ***
********************

****************************************
Minimizer is Linear
Chi2                      =      13.1654
NDf                       =            3
p0                        =  1.56202e-09   +/-   5.90458e-11 
p1                        = -2.07568e-11   +/-   2.35396e-12 
array('f', [30.0, 15.0, 20.0, 25.0, 10.0])
array('f', [9.166232217694414e-10, 1.0473888423234712e-09, 8.925016281580156e-10, 1.3444440005727643e-09, 1.211348688023861e-09])

****************************************
Minimizer is Linear
Chi2                      =       61.877
NDf                       =            3
p0                        =  1.14194e-09   +/-   6.80107e-11 
p1                        = -1.18604e-11   +/-   3.41268e-12 
array('f', [30.0, 25.0])
array('f', [1.741676913802337e-09, 1.021904005860108e-09])

****************************************
Minimizer is Linear
Chi2                      =   1.1451e-27
NDf                       =            0
p0                        = -2.57696e-09   +/-   1.98706e-09 
p1                        =  1.43955e-10   +/-   7.44287e-11 
Info in <TCanvas::Print>: file mc_plot/HLT_Photon50_R9Id90_HE10_IsoM.png has been created
********************
*** 35/426 finished ***
********************

****************************************
Minimizer is Linear
Chi2                      =      1461.05
NDf                       =            3
p0                        =  7.63888e-11   +/-   2.37143e-12 
p1                        =  2.77941e-12   +/-   1.06009e-13 
array('f', [30.0, 15.0, 20.0, 25.0, 10.0])
array('f', [2.359901163373479e-10, 1.844490810087862e-10, 1.8393710166098032e-10, 1.89030915920263e-10, 1.642732894158172e-10])

****************************************
Minimizer is Linear
Chi2                      =      1348.58
NDf                       =            3
p0                        =  1.33848e-10   +/-   1.19895e-12 
p1                        =  2.95227e-12   +/-   5.25352e-14 
array('f', [30.0, 25.0])
array('f', [2.506106988597878e-10, 2.5079158194607487e-10])

****************************************
Minimizer is Linear
Chi2                      =  2.02288e-29
NDf                       =            0
p0                        =  2.51696e-10   +/-   5.20388e-10 
p1                        = -3.61766e-14   +/-   1.8397e-11  
Info in <TCanvas::Print>: file mc_plot/HLT_Mu28NoFiltersNoVtx_DisplacedJet40_Loose.png has been created
********************
*** 36/426 finished ***
********************

****************************************
Minimizer is Linear
Chi2                      =      650.163
NDf                       =            3
p0                        =  3.15426e-10   +/-   1.5515e-11  
p1                        =  2.58076e-11   +/-   8.49345e-13 
array('f', [30.0, 15.0, 20.0, 25.0, 10.0])
array('f', [2.8553953645982233e-10, 1.8857002070937767e-10, 2.9619171004746647e-10, 3.6767447419983057e-10, 2.712533531123995e-10])

****************************************
Minimizer is Linear
Chi2                      =      7451.77
NDf                       =            3
p0                        =  8.60221e-11   +/-   1.23932e-12 
p1                        =  7.52696e-12   +/-   6.8502e-14  
array('f', [30.0, 25.0])
array('f', [1.4406860149307477e-09, 1.7569755650370666e-09])

****************************************
Minimizer is Linear
Chi2                      =  3.00828e-30
NDf                       =            0
p0                        =  3.33842e-09   +/-   3.70734e-09 
p1                        = -6.32579e-11   +/-   1.25444e-10 
Info in <TCanvas::Print>: file mc_plot/HLT_Mu28NoFiltersNoVtxDisplaced_Photon28_CaloIdL.png has been created
********************
*** 37/426 finished ***
********************

****************************************
Minimizer is Linear
Chi2                      =      94.8641
NDf                       =            3
p0                        =  4.72246e-10   +/-   9.5584e-12  
p1                        =   3.2168e-12   +/-   4.14081e-13 
array('f', [30.0, 15.0, 20.0, 25.0, 10.0])
array('f', [9.168303893858365e-10, 8.462219813765159e-10, 8.973375376086778e-10, 8.186550326527708e-10, 9.556081481676415e-10])

****************************************
Minimizer is Linear
Chi2                      =      1613.79
NDf                       =            3
p0                        =  8.88765e-10   +/-   4.25704e-12 
p1                        = -9.07028e-13   +/-   1.88145e-13 
array('f', [30.0, 25.0])
array('f', [4.198756897721978e-10, 3.0933502981334016e-10])

****************************************
Minimizer is Linear
Chi2                      =  1.57408e-28
NDf                       =            0
p0                        = -2.43368e-10   +/-   4.89218e-10 
p1                        =  2.21081e-11   +/-   1.81348e-11 
Info in <TCanvas::Print>: file mc_plot/HLT_Mu7p5_Track3p5_Jpsi.png has been created
********************
*** 38/426 finished ***
********************

****************************************
Minimizer is Linear
Chi2                      =      90.6708
NDf                       =            3
p0                        =    1.366e-08   +/-   1.26084e-10 
p1                        = -1.63275e-11   +/-   5.56889e-12 
array('f', [30.0, 15.0, 20.0, 25.0, 10.0])
array('f', [3.830460393317026e-09, 3.937527637276617e-09, 3.9095877646389e-09, 3.957105310092857e-09, 3.886980515233063e-09])

****************************************
Minimizer is Linear
Chi2                      =      30.1682
NDf                       =            3
p0                        =  3.85274e-09   +/-   1.34079e-11 
p1                        =   3.9207e-12   +/-   6.09732e-13 
array('f', [30.0, 25.0])
array('f', [1.833924301308798e-08, 1.9581303689619745e-08])

****************************************
Minimizer is Linear
Chi2                      =  2.48992e-26
NDf                       =            0
p0                        =  2.57916e-08   +/-   2.2598e-09  
p1                        = -2.48412e-10   +/-   8.14673e-11 
Info in <TCanvas::Print>: file mc_plot/HLT_PFHT800.png has been created
********************
*** 39/426 finished ***
********************

****************************************
Minimizer is Linear
Chi2                      =      1104.33
NDf                       =            3
p0                        =  1.02769e-10   +/-   3.40148e-11 
p1                        =  1.21071e-10   +/-   2.22975e-12 
array('f', [30.0, 15.0, 20.0, 25.0, 10.0])
array('f', [2.8161515341906806e-09, 4.851503643266142e-10, 7.67089169961821e-10, 1.1715578507320856e-09, 4.5490489153365843e-10])

****************************************
Minimizer is Linear
Chi2                      =      14820.6
NDf                       =            3
p0                        =  1.58687e-11   +/-   2.7762e-12  
p1                        =  3.56251e-11   +/-   1.83384e-13 
array('f', [30.0, 25.0])
array('f', [7.1080257235678346e-09, 3.5855016733421508e-09])

****************************************
Minimizer is Linear
Chi2                      =  1.75442e-27
NDf                       =            0
p0                        = -1.40271e-08   +/-   4.66199e-09 
p1                        =  7.04505e-10   +/-   1.84105e-10 
Info in <TCanvas::Print>: file mc_plot/HLT_DiCentralPFJet55_PFMET110.png has been created
********************
*** 40/426 finished ***
********************

****************************************
Minimizer is Linear
Chi2                      =      239.588
NDf                       =            3
p0                        =  9.30002e-10   +/-   9.70572e-12 
p1                        = -8.60456e-13   +/-   4.3024e-13  
array('f', [30.0, 15.0, 20.0, 25.0, 10.0])
array('f', [9.750612539605186e-10, 1.1184043691159218e-09, 1.0027256802658258e-09, 1.041077446473082e-09, 1.0451183252158103e-09])

****************************************
Minimizer is Linear
Chi2                      =      1404.12
NDf                       =            3
p0                        =  1.07116e-09   +/-   2.33129e-12 
p1                        = -2.67302e-12   +/-   9.757e-14   
array('f', [30.0, 25.0])
array('f', [1.2663672332990927e-09, 1.2690479778143526e-09])

****************************************
Minimizer is Linear
Chi2                      =  2.29091e-27
NDf                       =            0
p0                        =  1.28245e-09   +/-   5.01511e-10 
p1                        = -5.36149e-13   +/-   1.81731e-11 
Info in <TCanvas::Print>: file mc_plot/HLT_DiPFJetAve320.png has been created
********************
*** 41/426 finished ***
********************

****************************************
Minimizer is Linear
Chi2                      =      8.62139
NDf                       =            3
p0                        =  5.06769e-11   +/-   2.29033e-11 
p1                        =  4.93681e-12   +/-   1.14235e-12 
array('f', [30.0, 15.0, 20.0, 25.0, 10.0])
array('f', [5.668071012543408e-10, 2.695387246731684e-10, 1.580133801581951e-10, 2.7887780973401277e-10, 1.5063469915865824e-10])

****************************************
Minimizer is Linear
Chi2                      =      61.2889
NDf                       =            3
p0                        =  1.38878e-10   +/-   9.36912e-12 
p1                        =  1.04397e-12   +/-   4.97964e-13 
array('f', [30.0, 25.0])
array('f', [1.8972109994130903e-10, 2.7085067522136796e-10])

****************************************
Minimizer is Linear
Chi2                      =  7.18946e-30
NDf                       =            0
p0                        =  6.76499e-10   +/-   1.03958e-09 
p1                        = -1.62259e-11   +/-   3.70129e-11 
Info in <TCanvas::Print>: file mc_plot/HLT_Ele8_CaloIdM_TrackIdM_PFJet30.png has been created
********************
*** 42/426 finished ***
********************

****************************************
Minimizer is Linear
Chi2                      =      2.54368
NDf                       =            3
p0                        =  5.88923e-08   +/-   7.46212e-10 
p1                        = -2.73687e-11   +/-   3.40022e-11 
array('f', [30.0, 15.0, 20.0, 25.0, 10.0])
array('f', [1.6824657222969108e-08, 1.681799055575084e-08, 1.698361096202916e-08, 1.674909100302102e-08, 1.6846286143845646e-08])

****************************************
Minimizer is Linear
Chi2                      =      2.44009
NDf                       =            3
p0                        =  1.68784e-08   +/-   7.60087e-11 
p1                        = -3.21909e-12   +/-   3.96436e-12 
array('f', [30.0, 25.0])
array('f', [8.239144477784066e-08, 8.242491134069496e-08])

****************************************
Minimizer is Linear
Chi2                      =  8.40369e-26
NDf                       =            0
p0                        =  8.25922e-08   +/-   8.92921e-09 
p1                        = -6.69331e-12   +/-   3.24145e-10 
Info in <TCanvas::Print>: file mc_plot/HLT_IsoMu22.png has been created
********************
*** 43/426 finished ***
********************

****************************************
Minimizer is Linear
Chi2                      =      754.697
NDf                       =            3
p0                        = -8.98302e-11   +/-   1.01795e-11 
p1                        =  3.41775e-11   +/-   6.40112e-13 
array('f', [30.0, 15.0, 20.0, 25.0, 10.0])
array('f', [6.226648641138866e-10, 1.4439770212870684e-10, 1.2320197639859032e-10, 2.4296123446454487e-10, 7.762799431043632e-11])

****************************************
Minimizer is Linear
Chi2                      =       4989.2
NDf                       =            3
p0                        = -4.03793e-12   +/-   8.94488e-13 
p1                        =  8.00612e-12   +/-   5.97121e-14 
array('f', [30.0, 25.0])
array('f', [1.2037836283340653e-09, 6.966020538179407e-10])

****************************************
Minimizer is Linear
Chi2                      =  7.84447e-27
NDf                       =            0
p0                        = -1.83931e-09   +/-   1.02104e-09 
p1                        =  1.01436e-10   +/-   3.82962e-11 
Info in <TCanvas::Print>: file mc_plot/HLT_Rsq0p30.png has been created
********************
*** 44/426 finished ***
********************

****************************************
Minimizer is Linear
Chi2                      =      153.116
NDf                       =            3
p0                        =  5.21265e-10   +/-   2.37366e-11 
p1                        =  2.79471e-11   +/-   1.13353e-12 
array('f', [30.0, 15.0, 20.0, 25.0, 10.0])
array('f', [5.225954113896591e-10, 4.450834978353413e-10, 5.933886715325798e-10, 3.515435442746906e-10, 2.1496683599853128e-10])

****************************************
Minimizer is Linear
Chi2                      =      96.7209
NDf                       =            3
p0                        =  1.23764e-10   +/-   2.3841e-12  
p1                        =  9.14464e-12   +/-   1.31344e-13 
array('f', [30.0, 25.0])
array('f', [1.9707562248783006e-09, 1.6386213497199265e-09])

****************************************
Minimizer is Linear
Chi2                      =  5.70172e-28
NDf                       =            0
p0                        =  -2.2053e-11   +/-   1.80142e-09 
p1                        =   6.6427e-11   +/-   6.60452e-11 
Info in <TCanvas::Print>: file mc_plot/HLT_Photon75_R9Id90_HE10_Iso40_EBOnly_VBF.png has been created
********************
*** 45/426 finished ***
********************

****************************************
Minimizer is Linear
Chi2                      =      154.952
NDf                       =            3
p0                        =   9.4223e-10   +/-   2.89931e-11 
p1                        =  5.27357e-11   +/-   1.75246e-12 
array('f', [30.0, 15.0, 20.0, 25.0, 10.0])
array('f', [1.9362813574730353e-09, 5.820193771377546e-10, 5.698604921278161e-10, 8.058611000727467e-10, 4.208405568473239e-10])

****************************************
Minimizer is Linear
Chi2                      =      1498.44
NDf                       =            3
p0                        =  2.46389e-10   +/-   2.32958e-12 
p1                        =  1.69264e-11   +/-   1.4266e-13  
array('f', [30.0, 25.0])
array('f', [6.821556208791435e-09, 3.710146634361422e-09])

****************************************
Minimizer is Linear
Chi2                      =  9.91144e-26
NDf                       =            0
p0                        = -1.18469e-08   +/-   4.87224e-09 
p1                        =  6.22282e-10   +/-   1.91391e-10 
Info in <TCanvas::Print>: file mc_plot/HLT_PFMET110_PFMHT110_IDTight.png has been created
********************
*** 46/426 finished ***
********************

****************************************
Minimizer is Linear
Chi2                      =       95.731
NDf                       =            3
p0                        = -9.62925e-11   +/-   1.06185e-11 
p1                        =  1.54549e-11   +/-   6.44296e-13 
array('f', [30.0, 15.0, 20.0, 25.0, 10.0])
array('f', [4.421425725542605e-10, 2.8966876119973506e-10, 5.447843287598175e-10, 3.574493201430329e-10, 3.233397716240205e-10])

****************************************
Minimizer is Linear
Chi2                      =      186.794
NDf                       =            3
p0                        =  1.96451e-10   +/-   5.15095e-12 
p1                        =  6.71993e-12   +/-   2.67916e-13 
array('f', [30.0, 25.0])
array('f', [3.6731834240910644e-10, 1.4985318541604897e-10])

****************************************
Minimizer is Linear
Chi2                      =  5.36664e-29
NDf                       =            0
p0                        = -9.37473e-10   +/-   9.10125e-10 
p1                        =   4.3493e-11   +/-   3.45343e-11 
Info in <TCanvas::Print>: file mc_plot/HLT_DiPFJetAve80_HFJEC.png has been created
********************
*** 47/426 finished ***
********************

****************************************
Minimizer is Linear
Chi2                      =            0
NDf                       =            3
p0                        =            0   +/-   1.34164     
p1                        =            0   +/-   0.0632456   
array('f', [30.0, 15.0, 20.0, 25.0, 10.0])
array('f', [0.0, 0.0, 0.0, 0.0, 0.0])

****************************************
Minimizer is Linear
Chi2                      =            0
NDf                       =            3
p0                        =            0   +/-   1.34164     
p1                        =            0   +/-   0.0632456   
array('f', [30.0, 25.0])
array('f', [0.0, 0.0])

****************************************
Minimizer is Linear
Chi2                      =            0
NDf                       =            0
p0                        =            0   +/-   7.81025     
p1                        =            0   +/-   0.282843    
Info in <TCanvas::Print>: file mc_plot/HLT_PixelTracks_Multiplicity135ForEndOfFill.png has been created
********************
*** 48/426 finished ***
********************

****************************************
Minimizer is Linear
Chi2                      =       66.438
NDf                       =            3
p0                        =  8.41275e-10   +/-   1.94425e-11 
p1                        =  5.58234e-11   +/-   1.11726e-12 
array('f', [30.0, 15.0, 20.0, 25.0, 10.0])
array('f', [7.598411344567069e-10, 4.703230027658378e-10, 5.587355578207109e-10, 6.448479528131656e-10, 4.0659589584102207e-10])

****************************************
Minimizer is Linear
Chi2                      =      510.658
NDf                       =            3
p0                        =  2.19599e-10   +/-   1.56879e-12 
p1                        =  1.72013e-11   +/-   9.14489e-14 
array('f', [30.0, 25.0])
array('f', [3.4837723816849575e-09, 3.0234112990967787e-09])

****************************************
Minimizer is Linear
Chi2                      =    7.466e-29
NDf                       =            0
p0                        =  7.21606e-10   +/-   1.70305e-09 
p1                        =  9.20722e-11   +/-   6.21055e-11 
Info in <TCanvas::Print>: file mc_plot/HLT_MonoCentralPFJet80_PFMETNoMu120_JetIdCleaned_PFMHTNoMu120_IDTight.png has been created
********************
*** 49/426 finished ***
********************

****************************************
Minimizer is Linear
Chi2                      =      131.019
NDf                       =            3
p0                        =  1.84401e-10   +/-   8.76726e-12 
p1                        =  3.06851e-12   +/-   3.73858e-13 
array('f', [30.0, 15.0, 20.0, 25.0, 10.0])
array('f', [1.4412923632356467e-10, 2.265060222716997e-10, 3.453525798668977e-10, 2.2262865162492318e-10, 2.8910451810304494e-10])

****************************************
Minimizer is Linear
Chi2                      =      1584.96
NDf                       =            3
p0                        =  3.55438e-10   +/-   2.54782e-12 
p1                        = -6.90541e-12   +/-   8.95844e-14 
array('f', [30.0, 25.0])
array('f', [1.5718590318236636e-10, 1.0163359043247056e-10])

****************************************
Minimizer is Linear
Chi2                      =  4.35478e-28
NDf                       =            0
p0                        = -1.76128e-10   +/-   3.18348e-10 
p1                        =  1.11105e-11   +/-   1.19337e-11 
Info in <TCanvas::Print>: file mc_plot/HLT_Dimuon6_Jpsi_NoVertexing.png has been created
********************
*** 50/426 finished ***
********************

****************************************
Minimizer is Linear
Chi2                      =      585.483
NDf                       =            3
p0                        =  4.07425e-10   +/-   5.12668e-12 
p1                        =   1.0242e-12   +/-   2.38209e-13 
array('f', [30.0, 15.0, 20.0, 25.0, 10.0])
array('f', [4.922368068704941e-10, 6.736913804594735e-10, 5.655921841984934e-10, 6.909269267829643e-10, 5.807747061048474e-10])

****************************************
Minimizer is Linear
Chi2                      =      270.716
NDf                       =            3
p0                        =  6.61021e-10   +/-   3.11925e-12 
p1                        = -5.44247e-12   +/-   1.25343e-13 
array('f', [30.0, 25.0])
array('f', [7.012032621211972e-10, 6.006213304488028e-10])

****************************************
Minimizer is Linear
Chi2                      =  1.74406e-27
NDf                       =            0
p0                        =  9.77117e-11   +/-   5.59616e-10 
p1                        =  2.01164e-11   +/-   2.03602e-11 
Info in <TCanvas::Print>: file mc_plot/HLT_PFHT650_4JetPt50.png has been created
********************
*** 51/426 finished ***
********************

****************************************
Minimizer is Linear
Chi2                      =       176.39
NDf                       =            3
p0                        =  5.66736e-10   +/-   2.14483e-11 
p1                        = -1.58367e-11   +/-   7.22861e-13 
array('f', [30.0, 15.0, 20.0, 25.0, 10.0])
array('f', [4.997596780853542e-10, 2.6330548852371294e-10, 3.1934513367026796e-10, 2.2520837972273e-10, 2.1298024455163045e-10])

****************************************
Minimizer is Linear
Chi2                      =      531.662
NDf                       =            3
p0                        =  2.49088e-10   +/-   6.67576e-12 
p1                        =   2.6116e-13   +/-   3.32537e-13 
array('f', [30.0, 25.0])
array('f', [0.0, 0.0])

****************************************
Minimizer is Linear
Chi2                      =            0
NDf                       =            0
p0                        =            0   +/-   7.81025     
p1                        =            0   +/-   0.282843    
Info in <TCanvas::Print>: file mc_plot/HLT_Photon30.png has been created
********************
*** 52/426 finished ***
********************

****************************************
Minimizer is Linear
Chi2                      =      510.945
NDf                       =            3
p0                        =  1.35589e-10   +/-   9.84552e-12 
p1                        =  3.07474e-11   +/-   5.72336e-13 
array('f', [30.0, 15.0, 20.0, 25.0, 10.0])
array('f', [2.5845955931025344e-10, 2.2737081661894365e-10, 2.3517310321352625e-10, 2.622602690571796e-10, 1.1272036082310422e-10])

****************************************
Minimizer is Linear
Chi2                      =      7294.27
NDf                       =            3
p0                        =  4.14844e-11   +/-   8.04301e-13 
p1                        =  8.57973e-12   +/-   4.66833e-14 
array('f', [30.0, 25.0])
array('f', [1.2610554822600761e-09, 1.208233402216763e-09])

****************************************
Minimizer is Linear
Chi2                      =  1.33262e-28
NDf                       =            0
p0                        =  9.44123e-10   +/-   1.3652e-09  
p1                        =  1.05644e-11   +/-   5.01656e-11 
Info in <TCanvas::Print>: file mc_plot/HLT_Photon75_R9Id90_HE10_Iso40_EBOnly_PFMET40.png has been created
********************
*** 53/426 finished ***
********************

****************************************
Minimizer is Linear
Chi2                      =      128.201
NDf                       =            3
p0                        =  2.97534e-09   +/-   4.67997e-11 
p1                        = -8.13674e-13   +/-   2.10712e-12 
array('f', [30.0, 15.0, 20.0, 25.0, 10.0])
array('f', [1.0669087835424307e-09, 8.899502246251245e-10, 8.521454097909498e-10, 8.242479476727738e-10, 8.901831494156909e-10])

****************************************
Minimizer is Linear
Chi2                      =      137.366
NDf                       =            3
p0                        =   9.5746e-10   +/-   4.68303e-12 
p1                        = -5.19139e-12   +/-   2.30104e-13 
array('f', [30.0, 25.0])
array('f', [4.609835180247046e-09, 4.000158426720191e-09])

****************************************
Minimizer is Linear
Chi2                      =  2.34567e-27
NDf                       =            0
p0                        =  9.51775e-10   +/-   1.85584e-09 
p1                        =  1.21935e-10   +/-   6.833e-11   
Info in <TCanvas::Print>: file mc_plot/HLT_PFHT350_DiPFJetAve90_PFAlphaT0p52.png has been created
********************
*** 54/426 finished ***
********************

****************************************
Minimizer is Linear
Chi2                      =      163.752
NDf                       =            3
p0                        =  6.27172e-10   +/-   1.30588e-11 
p1                        =  9.79181e-12   +/-   6.32446e-13 
array('f', [30.0, 15.0, 20.0, 25.0, 10.0])
array('f', [1.0112907178339015e-09, 1.0631470148680933e-09, 9.97599447494224e-10, 1.1404449606899902e-09, 1.1874206062856274e-09])

****************************************
Minimizer is Linear
Chi2                      =      3357.67
NDf                       =            3
p0                        =  1.11168e-09   +/-   3.70038e-12 
p1                        = -2.66994e-12   +/-   1.59027e-13 
array('f', [30.0, 25.0])
array('f', [1.0572134279129841e-09, 8.993913946930832e-10])

****************************************
Minimizer is Linear
Chi2                      =  3.63622e-27
NDf                       =            0
p0                        =  1.10281e-10   +/-   7.73447e-10 
p1                        =  3.15644e-11   +/-   2.81277e-11 
Info in <TCanvas::Print>: file mc_plot/HLT_TkMu20.png has been created
********************
*** 55/426 finished ***
********************

****************************************
Minimizer is Linear
Chi2                      =      6.71233
NDf                       =            3
p0                        =  7.51047e-08   +/-   1.03302e-09 
p1                        =  1.55754e-11   +/-   4.93174e-11 
array('f', [30.0, 15.0, 20.0, 25.0, 10.0])
array('f', [2.175864466380517e-08, 2.158227019322112e-08, 2.2185886905390362e-08, 2.169778667848732e-08, 2.1768251201592648e-08])

****************************************
Minimizer is Linear
Chi2                      =      8.96097
NDf                       =            3
p0                        =  2.17364e-08   +/-   1.00534e-10 
p1                        = -4.63806e-13   +/-   5.11342e-12 
array('f', [30.0, 25.0])
array('f', [1.0102910152909317e-07, 1.0140527706425928e-07])

****************************************
Minimizer is Linear
Chi2                      =  3.77387e-26
NDf                       =            0
p0                        =  1.03286e-07   +/-   1.04917e-08 
p1                        = -7.52351e-11   +/-   3.83086e-10 
Info in <TCanvas::Print>: file mc_plot/HLT_IsoMu20.png has been created
********************
*** 56/426 finished ***
********************

****************************************
Minimizer is Linear
Chi2                      =      1321.85
NDf                       =            3
p0                        =  3.25483e-10   +/-   5.24927e-12 
p1                        =  7.28806e-12   +/-   2.46426e-13 
array('f', [30.0, 15.0, 20.0, 25.0, 10.0])
array('f', [1.4787773783275782e-10, 1.1043641695573925e-10, 1.5632047045688324e-10, 1.6799429902736307e-10, 1.2533471482889524e-10])

****************************************
Minimizer is Linear
Chi2                      =      16779.3
NDf                       =            3
p0                        =  9.12375e-11   +/-   3.85537e-13 
p1                        =  2.27481e-12   +/-   1.82681e-14 
array('f', [30.0, 25.0])
array('f', [7.202727858590663e-10, 8.197098555484672e-10])

****************************************
Minimizer is Linear
Chi2                      =  4.22583e-27
NDf                       =            0
p0                        =   1.3169e-09   +/-   7.69316e-10 
p1                        = -1.98874e-11   +/-   2.73581e-11 
Info in <TCanvas::Print>: file mc_plot/HLT_TrkMu17_DoubleTrkMu8NoFiltersNoVtx.png has been created
********************
*** 57/426 finished ***
********************

****************************************
Minimizer is Linear
Chi2                      =      313.594
NDf                       =            3
p0                        =   1.4214e-09   +/-   3.03781e-11 
p1                        =  1.38427e-11   +/-   1.3685e-12  
array('f', [30.0, 15.0, 20.0, 25.0, 10.0])
array('f', [6.180133071964633e-10, 5.727017193812856e-10, 4.859037616711248e-10, 4.840604583833397e-10, 4.2880449191429193e-10])

****************************************
Minimizer is Linear
Chi2                      =       4338.2
NDf                       =            3
p0                        =  4.50968e-10   +/-   3.08642e-12 
p1                        =  3.12644e-12   +/-   1.38254e-13 
array('f', [30.0, 25.0])
array('f', [2.7478439523775933e-09, 2.326657311257918e-09])

****************************************
Minimizer is Linear
Chi2                      =  8.07764e-28
NDf                       =            0
p0                        =  2.20724e-10   +/-   1.66101e-09 
p1                        =  8.42373e-11   +/-   6.11702e-11 
Info in <TCanvas::Print>: file mc_plot/HLT_DoubleEle8_CaloIdM_TrackIdM_Mass8_PFHT250.png has been created
********************
*** 58/426 finished ***
********************

****************************************
Minimizer is Linear
Chi2                      =      80.1076
NDf                       =            3
p0                        =  7.37377e-09   +/-   3.8762e-10  
p1                        =  8.35566e-10   +/-   2.05456e-11 
array('f', [30.0, 15.0, 20.0, 25.0, 10.0])
array('f', [1.1276629408030203e-08, 6.182417244815497e-09, 7.484079134201238e-09, 8.674104101658031e-09, 4.876572923251388e-09])

****************************************
Minimizer is Linear
Chi2                      =      35.2137
NDf                       =            3
p0                        =  2.03634e-09   +/-   6.80037e-11 
p1                        =  2.82741e-10   +/-   5.54492e-12 
array('f', [30.0, 25.0])
array('f', [4.296393285585509e-08, 3.184631935937432e-08])

****************************************
Minimizer is Linear
Chi2                      =  2.93295e-25
NDf                       =            0
p0                        = -2.37417e-08   +/-   6.11555e-09 
p1                        =  2.22352e-09   +/-   2.25072e-10 
Info in <TCanvas::Print>: file mc_plot/HLT_Rsq0p02_MR300_TriPFJet80_60_40_DoublePFBTagCSV0p7_0p4_Mbb60_200.png has been created
********************
*** 59/426 finished ***
********************

****************************************
Minimizer is Linear
Chi2                      =      17.7747
NDf                       =            3
p0                        =   3.0763e-09   +/-   4.63245e-11 
p1                        =  3.35335e-11   +/-   2.13386e-12 
array('f', [30.0, 15.0, 20.0, 25.0, 10.0])
array('f', [1.1692347090530575e-09, 1.0396572491799816e-09, 1.0956081597512934e-09, 1.1129447363700251e-09, 9.906224729405722e-10])

****************************************
Minimizer is Linear
Chi2                      =      61.7915
NDf                       =            3
p0                        =  9.14011e-10   +/-   3.88206e-12 
p1                        =  8.42424e-12   +/-   1.77317e-13 
array('f', [30.0, 25.0])
array('f', [5.850083528713412e-09, 5.614686493515819e-09])

****************************************
Minimizer is Linear
Chi2                      =  1.42088e-27
NDf                       =            0
p0                        =   4.4377e-09   +/-   1.95395e-09 
p1                        =  4.70794e-11   +/-   7.074e-11   
Info in <TCanvas::Print>: file mc_plot/HLT_DoubleJetsC100_DoubleBTagCSV0p9_DoublePFJetsC100MaxDeta1p6.png has been created
********************
*** 60/426 finished ***
********************

****************************************
Minimizer is Linear
Chi2                      =      21.0074
NDf                       =            3
p0                        =  5.21956e-09   +/-   9.9885e-11  
p1                        = -8.01731e-12   +/-   4.13447e-12 
array('f', [30.0, 15.0, 20.0, 25.0, 10.0])
array('f', [1.6151640025441338e-09, 1.6274324110554517e-09, 1.4672426607020839e-09, 1.4210249643653583e-09, 1.4451596586084747e-09])

****************************************
Minimizer is Linear
Chi2                      =      116.013
NDf                       =            3
p0                        =  1.47665e-09   +/-   1.00933e-11 
p1                        = -1.49811e-12   +/-   4.74156e-13 
array('f', [30.0, 25.0])
array('f', [7.193496909252417e-09, 6.916421657621186e-09])

****************************************
Minimizer is Linear
Chi2                      =  8.17529e-28
NDf                       =            0
p0                        =  5.53105e-09   +/-   1.91417e-09 
p1                        =  5.54151e-11   +/-   6.9446e-11  
Info in <TCanvas::Print>: file mc_plot/HLT_Photon90_CaloIdL_PFHT500.png has been created
********************
*** 61/426 finished ***
********************

****************************************
Minimizer is Linear
Chi2                      =      925.574
NDf                       =            3
p0                        =  5.17729e-10   +/-   1.04034e-11 
p1                        =  6.59715e-12   +/-   5.5425e-13  
array('f', [30.0, 15.0, 20.0, 25.0, 10.0])
array('f', [3.850214314038425e-10, 1.73334693820415e-10, 1.7362990212266283e-10, 2.448437841362505e-10, 1.7231224780367427e-10])

****************************************
Minimizer is Linear
Chi2                      =      8453.12
NDf                       =            3
p0                        =  1.33217e-10   +/-   8.14904e-13 
p1                        =  2.68447e-12   +/-   4.38562e-14 
array('f', [30.0, 25.0])
array('f', [1.8559090930736488e-09, 1.1556172685445176e-09])

****************************************
Minimizer is Linear
Chi2                      =  2.97181e-27
NDf                       =            0
p0                        = -2.34584e-09   +/-   3.07587e-09 
p1                        =  1.40058e-10   +/-   1.21879e-10 
Info in <TCanvas::Print>: file mc_plot/HLT_LooseIsoPFTau50_Trk30_eta2p1_MET120.png has been created
********************
*** 62/426 finished ***
********************

****************************************
Minimizer is Linear
Chi2                      =      1773.78
NDf                       =            3
p0                        =  3.20085e-10   +/-   4.30112e-12 
p1                        =  9.14152e-13   +/-   1.91739e-13 
array('f', [30.0, 15.0, 20.0, 25.0, 10.0])
array('f', [1.2103562596621487e-10, 9.15358275288547e-11, 2.2612037242630834e-10, 8.186676336841003e-11, 1.279683026211842e-10])

****************************************
Minimizer is Linear
Chi2                      =      29468.1
NDf                       =            3
p0                        =  8.99846e-11   +/-   3.59587e-13 
p1                        =  2.41742e-13   +/-   1.5525e-14  
array('f', [30.0, 25.0])
array('f', [5.48097234265299e-10, 3.945568871621674e-10])

****************************************
Minimizer is Linear
Chi2                      =  1.83391e-28
NDf                       =            0
p0                        = -3.73145e-10   +/-   5.42625e-10 
p1                        =  3.07081e-11   +/-   2.00322e-11 
Info in <TCanvas::Print>: file mc_plot/HLT_Mu42NoFiltersNoVtx_Photon42_CaloIdL.png has been created
********************
*** 63/426 finished ***
********************

****************************************
Minimizer is Linear
Chi2                      =            0
NDf                       =            3
p0                        =            0   +/-   1.34164     
p1                        =            0   +/-   0.0632456   
array('f', [30.0, 15.0, 20.0, 25.0, 10.0])
array('f', [0.0, 0.0, 0.0, 0.0, 0.0])

****************************************
Minimizer is Linear
Chi2                      =            0
NDf                       =            3
p0                        =            0   +/-   1.34164     
p1                        =            0   +/-   0.0632456   
array('f', [30.0, 25.0])
array('f', [0.0, 0.0])

****************************************
Minimizer is Linear
Chi2                      =            0
NDf                       =            0
p0                        =            0   +/-   7.81025     
p1                        =            0   +/-   0.282843    
Info in <TCanvas::Print>: file mc_plot/HLT_AK4CaloJet30.png has been created
********************
*** 64/426 finished ***
********************

****************************************
Minimizer is Linear
Chi2                      =      321.343
NDf                       =            1
p0                        =  1.16704e-11   +/-   1.26615e-12 
p1                        =  1.19907e-13   +/-   6.26278e-14 
array('f', [30.0, 15.0, 20.0, 25.0, 10.0])
array('f', [5.0115942507034106e-09, 2.0630273045441072e-09, 3.1760678531611575e-09, 3.2340301547861827e-09, 1.3461755044019696e-09])

****************************************
Minimizer is Linear
Chi2                      =      45.0188
NDf                       =            3
p0                        = -8.08697e-11   +/-   7.91972e-11 
p1                        =  1.42928e-10   +/-   4.82135e-12 
Error in <TDecompChol::Decompose()>: matrix not positive definite
Error in <TDecompChol::Solve()>: Decomposition failed
Error in <TLinearFitter::Eval>: Matrix inversion failed
Minimize:0: RuntimeWarning: TLinearFitter failed in finding the solution
Fit:0: RuntimeWarning: Abnormal termination of minimization.
array('f', [30.0, 25.0])
array('f', [0.0, 2.831809092773696e-11])

****************************************
         Invalid FitResult  (status = 1 )
****************************************
Minimizer is Linear
Chi2                      =            0
NDf                       =            0
p0                        = -8.08697e-11
p1                        =  1.42928e-10
Info in <TCanvas::Print>: file mc_plot/HLT_Photon22_R9Id90_HE10_Iso40_EBOnly_VBF.png has been created
********************
*** 65/426 finished ***
********************

****************************************
Minimizer is Linear
Chi2                      =      44.1544
NDf                       =            3
p0                        =  9.18934e-09   +/-   1.10464e-10 
p1                        =  6.60394e-11   +/-   5.00863e-12 
array('f', [30.0, 15.0, 20.0, 25.0, 10.0])
array('f', [3.3381239994412226e-09, 2.9199265227930482e-09, 3.1143996270799335e-09, 3.233202816588232e-09, 2.95772895064772e-09])

****************************************
Minimizer is Linear
Chi2                      =      369.534
NDf                       =            3
p0                        =  2.62163e-09   +/-   9.56841e-12 
p1                        =  2.35932e-11   +/-   5.03659e-13 
array('f', [30.0, 25.0])
array('f', [1.5840530664945618e-08, 1.5849240142529197e-08])

****************************************
Minimizer is Linear
Chi2                      =  3.43634e-27
NDf                       =            0
p0                        =  1.58928e-08   +/-   2.2226e-09  
p1                        =  -1.7419e-12   +/-   8.02457e-11 
Error in <RootX11IOErrorHandler>: fatal X11 error (connection to server lost?!)

**** Save data and exit application ****

Traceback (most recent call last):
  File "puplot.py", line 336, in <module>
    gr3.SetLineColor( 2 )
SystemError: void TCanvas::Update() =>
    problem in C++; program state has been reset
SysError in <TFile::Flush>: error flushing file kkk.root (No such file or directory)
close failed in file object destructor:
IOError: [Errno 2] No such file or directory
